2025-12-12 15:27:24 [restartedMain] INFO  com.example.eSign.ESignApplication - Starting ESignApplication using Java 21.0.9 with PID 161277 (/home/vishwap/eSign/target/classes started by vishwap in /home/vishwap/eSign)
2025-12-12 15:27:24 [restartedMain] INFO  com.example.eSign.ESignApplication - No active profile set, falling back to 1 default profile: "default"
2025-12-12 15:27:24 [restartedMain] INFO  o.a.catalina.core.StandardService - Starting service [Tomcat]
2025-12-12 15:27:24 [restartedMain] INFO  o.a.catalina.core.StandardEngine - Starting Servlet engine: [Apache Tomcat/11.0.14]
2025-12-12 15:27:24 [restartedMain] INFO  com.zaxxer.hikari.HikariDataSource - HikariPool-6 - Starting...
2025-12-12 15:27:24 [restartedMain] INFO  com.zaxxer.hikari.pool.HikariPool - HikariPool-6 - Added connection org.postgresql.jdbc.PgConnection@140badc1
2025-12-12 15:27:24 [restartedMain] INFO  com.zaxxer.hikari.HikariDataSource - HikariPool-6 - Start completed.
2025-12-12 15:27:24 [restartedMain] WARN  org.hibernate.orm.deprecation - HHH90000025: PostgreSQLDialect does not need to be specified explicitly using 'hibernate.dialect' (remove the property setting and it will be selected by default)
2025-12-12 15:27:24 [restartedMain] WARN  o.s.b.j.a.JpaBaseConfiguration$JpaWebConfiguration - spring.jpa.open-in-view is enabled by default. Therefore, database queries may be performed during view rendering. Explicitly configure spring.jpa.open-in-view to disable this warning
2025-12-12 15:27:24 [restartedMain] WARN  o.s.b.s.a.UserDetailsServiceAutoConfiguration - 

Using generated security password: 64474f22-8bff-4df5-b249-94bcc078abbc

This generated password is for development use only. Your security configuration must be updated before running your application in production.

2025-12-12 15:27:24 [restartedMain] INFO  com.example.eSign.ESignApplication - Started ESignApplication in 0.428 seconds (process running for 274.052)
2025-12-12 15:27:27 [Thread-22] INFO  com.zaxxer.hikari.HikariDataSource - HikariPool-6 - Shutdown initiated...
2025-12-12 15:27:27 [Thread-22] INFO  com.zaxxer.hikari.HikariDataSource - HikariPool-6 - Shutdown completed.
2025-12-12 15:27:27 [restartedMain] INFO  com.example.eSign.ESignApplication - Starting ESignApplication using Java 21.0.9 with PID 161277 (/home/vishwap/eSign/target/classes started by vishwap in /home/vishwap/eSign)
2025-12-12 15:27:27 [restartedMain] INFO  com.example.eSign.ESignApplication - No active profile set, falling back to 1 default profile: "default"
2025-12-12 15:27:27 [restartedMain] INFO  o.a.catalina.core.StandardService - Starting service [Tomcat]
2025-12-12 15:27:27 [restartedMain] INFO  o.a.catalina.core.StandardEngine - Starting Servlet engine: [Apache Tomcat/11.0.14]
2025-12-12 15:27:27 [restartedMain] WARN  o.s.b.w.s.s.c.AnnotationConfigServletWebServerApplicationContext - Exception encountered during context initialization - cancelling refresh attempt: org.springframework.beans.factory.BeanCreationException: Error creating bean with name 'entityManagerFactory' defined in class path resource [org/springframework/boot/hibernate/autoconfigure/HibernateJpaConfiguration.class]: Failed to initialize dependency 'inMemoryDatabaseShutdownExecutor' of LoadTimeWeaverAware bean 'entityManagerFactory': Error creating bean with name 'inMemoryDatabaseShutdownExecutor' defined in class path resource [org/springframework/boot/devtools/autoconfigure/DevToolsDataSourceAutoConfiguration.class]: Unsatisfied dependency expressed through method 'inMemoryDatabaseShutdownExecutor' parameter 0: Error creating bean with name 'dataSource' defined in class path resource [org/springframework/boot/jdbc/autoconfigure/DataSourceConfiguration$Hikari.class]: Failed to instantiate [com.zaxxer.hikari.HikariDataSource]: Factory method 'dataSource' threw exception with message: Failed to determine a suitable driver class
2025-12-12 15:27:27 [restartedMain] INFO  o.a.catalina.core.StandardService - Stopping service [Tomcat]
2025-12-12 15:27:27 [restartedMain] ERROR o.s.b.d.LoggingFailureAnalysisReporter - 

***************************
APPLICATION FAILED TO START
***************************

Description:

Failed to configure a DataSource: 'url' attribute is not specified and no embedded datasource could be configured.

Reason: Failed to determine a suitable driver class


Action:

Consider the following:
	If you want an embedded database (H2, HSQL or Derby), please put it on the classpath.
	If you have database settings to be loaded from a particular profile you may need to activate it (no profiles are currently active).

2025-12-12 15:27:37 [restartedMain] INFO  com.example.eSign.ESignApplication - Starting ESignApplication using Java 21.0.9 with PID 161277 (/home/vishwap/eSign/target/classes started by vishwap in /home/vishwap/eSign)
2025-12-12 15:27:37 [restartedMain] INFO  com.example.eSign.ESignApplication - No active profile set, falling back to 1 default profile: "default"
2025-12-12 15:27:38 [restartedMain] INFO  o.a.catalina.core.StandardService - Starting service [Tomcat]
2025-12-12 15:27:38 [restartedMain] INFO  o.a.catalina.core.StandardEngine - Starting Servlet engine: [Apache Tomcat/11.0.14]
2025-12-12 15:27:38 [restartedMain] WARN  o.s.b.w.s.s.c.AnnotationConfigServletWebServerApplicationContext - Exception encountered during context initialization - cancelling refresh attempt: org.springframework.beans.factory.BeanCreationException: Error creating bean with name 'entityManagerFactory' defined in class path resource [org/springframework/boot/hibernate/autoconfigure/HibernateJpaConfiguration.class]: Failed to initialize dependency 'inMemoryDatabaseShutdownExecutor' of LoadTimeWeaverAware bean 'entityManagerFactory': Error creating bean with name 'inMemoryDatabaseShutdownExecutor' defined in class path resource [org/springframework/boot/devtools/autoconfigure/DevToolsDataSourceAutoConfiguration.class]: Unsatisfied dependency expressed through method 'inMemoryDatabaseShutdownExecutor' parameter 0: Error creating bean with name 'dataSource' defined in class path resource [org/springframework/boot/jdbc/autoconfigure/DataSourceConfiguration$Hikari.class]: Failed to instantiate [com.zaxxer.hikari.HikariDataSource]: Factory method 'dataSource' threw exception with message: Failed to determine a suitable driver class
2025-12-12 15:27:38 [restartedMain] INFO  o.a.catalina.core.StandardService - Stopping service [Tomcat]
2025-12-12 15:27:38 [restartedMain] ERROR o.s.b.d.LoggingFailureAnalysisReporter - 

***************************
APPLICATION FAILED TO START
***************************

Description:

Failed to configure a DataSource: 'url' attribute is not specified and no embedded datasource could be configured.

Reason: Failed to determine a suitable driver class


Action:

Consider the following:
	If you want an embedded database (H2, HSQL or Derby), please put it on the classpath.
	If you have database settings to be loaded from a particular profile you may need to activate it (no profiles are currently active).

2025-12-12 15:27:43 [restartedMain] INFO  com.example.eSign.ESignApplication - Starting ESignApplication using Java 21.0.9 with PID 161277 (/home/vishwap/eSign/target/classes started by vishwap in /home/vishwap/eSign)
2025-12-12 15:27:43 [restartedMain] INFO  com.example.eSign.ESignApplication - No active profile set, falling back to 1 default profile: "default"
2025-12-12 15:27:43 [restartedMain] INFO  o.a.catalina.core.StandardService - Starting service [Tomcat]
2025-12-12 15:27:43 [restartedMain] INFO  o.a.catalina.core.StandardEngine - Starting Servlet engine: [Apache Tomcat/11.0.14]
2025-12-12 15:27:43 [restartedMain] WARN  o.s.b.w.s.s.c.AnnotationConfigServletWebServerApplicationContext - Exception encountered during context initialization - cancelling refresh attempt: org.springframework.beans.factory.BeanCreationException: Error creating bean with name 'entityManagerFactory' defined in class path resource [org/springframework/boot/hibernate/autoconfigure/HibernateJpaConfiguration.class]: Failed to initialize dependency 'inMemoryDatabaseShutdownExecutor' of LoadTimeWeaverAware bean 'entityManagerFactory': Error creating bean with name 'inMemoryDatabaseShutdownExecutor' defined in class path resource [org/springframework/boot/devtools/autoconfigure/DevToolsDataSourceAutoConfiguration.class]: Unsatisfied dependency expressed through method 'inMemoryDatabaseShutdownExecutor' parameter 0: Error creating bean with name 'dataSource' defined in class path resource [org/springframework/boot/jdbc/autoconfigure/DataSourceConfiguration$Hikari.class]: Failed to instantiate [com.zaxxer.hikari.HikariDataSource]: Factory method 'dataSource' threw exception with message: Failed to determine a suitable driver class
2025-12-12 15:27:43 [restartedMain] INFO  o.a.catalina.core.StandardService - Stopping service [Tomcat]
2025-12-12 15:27:43 [restartedMain] ERROR o.s.b.d.LoggingFailureAnalysisReporter - 

***************************
APPLICATION FAILED TO START
***************************

Description:

Failed to configure a DataSource: 'url' attribute is not specified and no embedded datasource could be configured.

Reason: Failed to determine a suitable driver class


Action:

Consider the following:
	If you want an embedded database (H2, HSQL or Derby), please put it on the classpath.
	If you have database settings to be loaded from a particular profile you may need to activate it (no profiles are currently active).

2025-12-12 15:27:46 [restartedMain] INFO  com.example.eSign.ESignApplication - Starting ESignApplication using Java 21.0.9 with PID 161277 (/home/vishwap/eSign/target/classes started by vishwap in /home/vishwap/eSign)
2025-12-12 15:27:46 [restartedMain] INFO  com.example.eSign.ESignApplication - No active profile set, falling back to 1 default profile: "default"
2025-12-12 15:27:46 [restartedMain] INFO  o.a.catalina.core.StandardService - Starting service [Tomcat]
2025-12-12 15:27:46 [restartedMain] INFO  o.a.catalina.core.StandardEngine - Starting Servlet engine: [Apache Tomcat/11.0.14]
2025-12-12 15:27:46 [restartedMain] WARN  o.s.b.w.s.s.c.AnnotationConfigServletWebServerApplicationContext - Exception encountered during context initialization - cancelling refresh attempt: org.springframework.beans.factory.BeanCreationException: Error creating bean with name 'entityManagerFactory' defined in class path resource [org/springframework/boot/hibernate/autoconfigure/HibernateJpaConfiguration.class]: Failed to initialize dependency 'inMemoryDatabaseShutdownExecutor' of LoadTimeWeaverAware bean 'entityManagerFactory': Error creating bean with name 'inMemoryDatabaseShutdownExecutor' defined in class path resource [org/springframework/boot/devtools/autoconfigure/DevToolsDataSourceAutoConfiguration.class]: Unsatisfied dependency expressed through method 'inMemoryDatabaseShutdownExecutor' parameter 0: Error creating bean with name 'dataSource' defined in class path resource [org/springframework/boot/jdbc/autoconfigure/DataSourceConfiguration$Hikari.class]: Failed to instantiate [com.zaxxer.hikari.HikariDataSource]: Factory method 'dataSource' threw exception with message: Failed to determine a suitable driver class
2025-12-12 15:27:46 [restartedMain] INFO  o.a.catalina.core.StandardService - Stopping service [Tomcat]
2025-12-12 15:27:46 [restartedMain] ERROR o.s.b.d.LoggingFailureAnalysisReporter - 

***************************
APPLICATION FAILED TO START
***************************

Description:

Failed to configure a DataSource: 'url' attribute is not specified and no embedded datasource could be configured.

Reason: Failed to determine a suitable driver class


Action:

Consider the following:
	If you want an embedded database (H2, HSQL or Derby), please put it on the classpath.
	If you have database settings to be loaded from a particular profile you may need to activate it (no profiles are currently active).

2025-12-12 15:27:58 [restartedMain] INFO  com.example.eSign.ESignApplication - Starting ESignApplication using Java 21.0.9 with PID 161277 (/home/vishwap/eSign/target/classes started by vishwap in /home/vishwap/eSign)
2025-12-12 15:27:58 [restartedMain] INFO  com.example.eSign.ESignApplication - No active profile set, falling back to 1 default profile: "default"
2025-12-12 15:27:59 [restartedMain] INFO  o.a.catalina.core.StandardService - Starting service [Tomcat]
2025-12-12 15:27:59 [restartedMain] INFO  o.a.catalina.core.StandardEngine - Starting Servlet engine: [Apache Tomcat/11.0.14]
2025-12-12 15:27:59 [restartedMain] WARN  o.s.b.w.s.s.c.AnnotationConfigServletWebServerApplicationContext - Exception encountered during context initialization - cancelling refresh attempt: org.springframework.beans.factory.BeanCreationException: Error creating bean with name 'entityManagerFactory' defined in class path resource [org/springframework/boot/hibernate/autoconfigure/HibernateJpaConfiguration.class]: Failed to initialize dependency 'inMemoryDatabaseShutdownExecutor' of LoadTimeWeaverAware bean 'entityManagerFactory': Error creating bean with name 'inMemoryDatabaseShutdownExecutor' defined in class path resource [org/springframework/boot/devtools/autoconfigure/DevToolsDataSourceAutoConfiguration.class]: Unsatisfied dependency expressed through method 'inMemoryDatabaseShutdownExecutor' parameter 0: Error creating bean with name 'dataSource' defined in class path resource [org/springframework/boot/jdbc/autoconfigure/DataSourceConfiguration$Hikari.class]: Failed to instantiate [com.zaxxer.hikari.HikariDataSource]: Factory method 'dataSource' threw exception with message: Failed to determine a suitable driver class
2025-12-12 15:27:59 [restartedMain] INFO  o.a.catalina.core.StandardService - Stopping service [Tomcat]
2025-12-12 15:27:59 [restartedMain] ERROR o.s.b.d.LoggingFailureAnalysisReporter - 

***************************
APPLICATION FAILED TO START
***************************

Description:

Failed to configure a DataSource: 'url' attribute is not specified and no embedded datasource could be configured.

Reason: Failed to determine a suitable driver class


Action:

Consider the following:
	If you want an embedded database (H2, HSQL or Derby), please put it on the classpath.
	If you have database settings to be loaded from a particular profile you may need to activate it (no profiles are currently active).

2025-12-12 15:28:03 [restartedMain] INFO  com.example.eSign.ESignApplication - Starting ESignApplication using Java 21.0.9 with PID 161277 (/home/vishwap/eSign/target/classes started by vishwap in /home/vishwap/eSign)
2025-12-12 15:28:03 [restartedMain] INFO  com.example.eSign.ESignApplication - No active profile set, falling back to 1 default profile: "default"
2025-12-12 15:28:03 [restartedMain] INFO  o.a.catalina.core.StandardService - Starting service [Tomcat]
2025-12-12 15:28:03 [restartedMain] INFO  o.a.catalina.core.StandardEngine - Starting Servlet engine: [Apache Tomcat/11.0.14]
2025-12-12 15:28:03 [restartedMain] WARN  o.s.b.w.s.s.c.AnnotationConfigServletWebServerApplicationContext - Exception encountered during context initialization - cancelling refresh attempt: org.springframework.beans.factory.BeanCreationException: Error creating bean with name 'entityManagerFactory' defined in class path resource [org/springframework/boot/hibernate/autoconfigure/HibernateJpaConfiguration.class]: Failed to initialize dependency 'inMemoryDatabaseShutdownExecutor' of LoadTimeWeaverAware bean 'entityManagerFactory': Error creating bean with name 'inMemoryDatabaseShutdownExecutor' defined in class path resource [org/springframework/boot/devtools/autoconfigure/DevToolsDataSourceAutoConfiguration.class]: Unsatisfied dependency expressed through method 'inMemoryDatabaseShutdownExecutor' parameter 0: Error creating bean with name 'dataSource' defined in class path resource [org/springframework/boot/jdbc/autoconfigure/DataSourceConfiguration$Hikari.class]: Failed to instantiate [com.zaxxer.hikari.HikariDataSource]: Factory method 'dataSource' threw exception with message: Failed to determine a suitable driver class
2025-12-12 15:28:03 [restartedMain] INFO  o.a.catalina.core.StandardService - Stopping service [Tomcat]
2025-12-12 15:28:03 [restartedMain] ERROR o.s.b.d.LoggingFailureAnalysisReporter - 

***************************
APPLICATION FAILED TO START
***************************

Description:

Failed to configure a DataSource: 'url' attribute is not specified and no embedded datasource could be configured.

Reason: Failed to determine a suitable driver class


Action:

Consider the following:
	If you want an embedded database (H2, HSQL or Derby), please put it on the classpath.
	If you have database settings to be loaded from a particular profile you may need to activate it (no profiles are currently active).

2025-12-12 15:28:12 [restartedMain] INFO  com.example.eSign.ESignApplication - Starting ESignApplication using Java 21.0.9 with PID 161277 (/home/vishwap/eSign/target/classes started by vishwap in /home/vishwap/eSign)
2025-12-12 15:28:12 [restartedMain] INFO  com.example.eSign.ESignApplication - No active profile set, falling back to 1 default profile: "default"
2025-12-12 15:28:12 [restartedMain] INFO  o.a.catalina.core.StandardService - Starting service [Tomcat]
2025-12-12 15:28:12 [restartedMain] INFO  o.a.catalina.core.StandardEngine - Starting Servlet engine: [Apache Tomcat/11.0.14]
2025-12-12 15:28:12 [restartedMain] WARN  o.s.b.w.s.s.c.AnnotationConfigServletWebServerApplicationContext - Exception encountered during context initialization - cancelling refresh attempt: org.springframework.beans.factory.BeanCreationException: Error creating bean with name 'entityManagerFactory' defined in class path resource [org/springframework/boot/hibernate/autoconfigure/HibernateJpaConfiguration.class]: Failed to initialize dependency 'inMemoryDatabaseShutdownExecutor' of LoadTimeWeaverAware bean 'entityManagerFactory': Error creating bean with name 'inMemoryDatabaseShutdownExecutor' defined in class path resource [org/springframework/boot/devtools/autoconfigure/DevToolsDataSourceAutoConfiguration.class]: Unsatisfied dependency expressed through method 'inMemoryDatabaseShutdownExecutor' parameter 0: Error creating bean with name 'dataSource' defined in class path resource [org/springframework/boot/jdbc/autoconfigure/DataSourceConfiguration$Hikari.class]: Failed to instantiate [com.zaxxer.hikari.HikariDataSource]: Factory method 'dataSource' threw exception with message: Failed to determine a suitable driver class
2025-12-12 15:28:12 [restartedMain] INFO  o.a.catalina.core.StandardService - Stopping service [Tomcat]
2025-12-12 15:28:12 [restartedMain] ERROR o.s.b.d.LoggingFailureAnalysisReporter - 

***************************
APPLICATION FAILED TO START
***************************

Description:

Failed to configure a DataSource: 'url' attribute is not specified and no embedded datasource could be configured.

Reason: Failed to determine a suitable driver class


Action:

Consider the following:
	If you want an embedded database (H2, HSQL or Derby), please put it on the classpath.
	If you have database settings to be loaded from a particular profile you may need to activate it (no profiles are currently active).

2025-12-12 15:28:25 [restartedMain] INFO  com.example.eSign.ESignApplication - Starting ESignApplication using Java 21.0.9 with PID 161277 (/home/vishwap/eSign/target/classes started by vishwap in /home/vishwap/eSign)
2025-12-12 15:28:25 [restartedMain] INFO  com.example.eSign.ESignApplication - No active profile set, falling back to 1 default profile: "default"
2025-12-12 15:28:25 [restartedMain] INFO  o.a.catalina.core.StandardService - Starting service [Tomcat]
2025-12-12 15:28:25 [restartedMain] INFO  o.a.catalina.core.StandardEngine - Starting Servlet engine: [Apache Tomcat/11.0.14]
2025-12-12 15:28:25 [restartedMain] WARN  o.s.b.w.s.s.c.AnnotationConfigServletWebServerApplicationContext - Exception encountered during context initialization - cancelling refresh attempt: org.springframework.beans.factory.BeanCreationException: Error creating bean with name 'entityManagerFactory' defined in class path resource [org/springframework/boot/hibernate/autoconfigure/HibernateJpaConfiguration.class]: Failed to initialize dependency 'inMemoryDatabaseShutdownExecutor' of LoadTimeWeaverAware bean 'entityManagerFactory': Error creating bean with name 'inMemoryDatabaseShutdownExecutor' defined in class path resource [org/springframework/boot/devtools/autoconfigure/DevToolsDataSourceAutoConfiguration.class]: Unsatisfied dependency expressed through method 'inMemoryDatabaseShutdownExecutor' parameter 0: Error creating bean with name 'dataSource' defined in class path resource [org/springframework/boot/jdbc/autoconfigure/DataSourceConfiguration$Hikari.class]: Failed to instantiate [com.zaxxer.hikari.HikariDataSource]: Factory method 'dataSource' threw exception with message: Failed to determine a suitable driver class
2025-12-12 15:28:25 [restartedMain] INFO  o.a.catalina.core.StandardService - Stopping service [Tomcat]
2025-12-12 15:28:25 [restartedMain] ERROR o.s.b.d.LoggingFailureAnalysisReporter - 

***************************
APPLICATION FAILED TO START
***************************

Description:

Failed to configure a DataSource: 'url' attribute is not specified and no embedded datasource could be configured.

Reason: Failed to determine a suitable driver class


Action:

Consider the following:
	If you want an embedded database (H2, HSQL or Derby), please put it on the classpath.
	If you have database settings to be loaded from a particular profile you may need to activate it (no profiles are currently active).

2025-12-12 15:32:14 [restartedMain] INFO  com.example.eSign.ESignApplication - Starting ESignApplication using Java 21.0.9 with PID 172278 (/home/vishwap/eSign/target/classes started by vishwap in /home/vishwap/eSign)
2025-12-12 15:32:14 [restartedMain] INFO  com.example.eSign.ESignApplication - No active profile set, falling back to 1 default profile: "default"
2025-12-12 15:32:16 [restartedMain] INFO  o.a.catalina.core.StandardService - Starting service [Tomcat]
2025-12-12 15:32:16 [restartedMain] INFO  o.a.catalina.core.StandardEngine - Starting Servlet engine: [Apache Tomcat/11.0.14]
2025-12-12 15:32:16 [restartedMain] WARN  o.s.b.w.s.s.c.AnnotationConfigServletWebServerApplicationContext - Exception encountered during context initialization - cancelling refresh attempt: org.springframework.beans.factory.BeanCreationException: Error creating bean with name 'entityManagerFactory' defined in class path resource [org/springframework/boot/hibernate/autoconfigure/HibernateJpaConfiguration.class]: Failed to initialize dependency 'inMemoryDatabaseShutdownExecutor' of LoadTimeWeaverAware bean 'entityManagerFactory': Error creating bean with name 'inMemoryDatabaseShutdownExecutor' defined in class path resource [org/springframework/boot/devtools/autoconfigure/DevToolsDataSourceAutoConfiguration.class]: Unsatisfied dependency expressed through method 'inMemoryDatabaseShutdownExecutor' parameter 0: Error creating bean with name 'dataSource' defined in class path resource [org/springframework/boot/jdbc/autoconfigure/DataSourceConfiguration$Hikari.class]: Failed to instantiate [com.zaxxer.hikari.HikariDataSource]: Factory method 'dataSource' threw exception with message: Failed to determine a suitable driver class
2025-12-12 15:32:16 [restartedMain] INFO  o.a.catalina.core.StandardService - Stopping service [Tomcat]
2025-12-12 15:32:16 [restartedMain] ERROR o.s.b.d.LoggingFailureAnalysisReporter - 

***************************
APPLICATION FAILED TO START
***************************

Description:

Failed to configure a DataSource: 'url' attribute is not specified and no embedded datasource could be configured.

Reason: Failed to determine a suitable driver class


Action:

Consider the following:
	If you want an embedded database (H2, HSQL or Derby), please put it on the classpath.
	If you have database settings to be loaded from a particular profile you may need to activate it (no profiles are currently active).

2025-12-12 15:56:35 [restartedMain] INFO  com.example.eSign.ESignApplication - Starting ESignApplication using Java 21.0.9 with PID 197000 (/home/vishwap/eSign/target/classes started by vishwap in /home/vishwap/eSign)
2025-12-12 15:56:35 [restartedMain] INFO  com.example.eSign.ESignApplication - No active profile set, falling back to 1 default profile: "default"
2025-12-12 15:56:36 [restartedMain] INFO  o.a.catalina.core.StandardService - Starting service [Tomcat]
2025-12-12 15:56:36 [restartedMain] INFO  o.a.catalina.core.StandardEngine - Starting Servlet engine: [Apache Tomcat/11.0.14]
2025-12-12 15:56:36 [restartedMain] WARN  o.s.b.w.s.s.c.AnnotationConfigServletWebServerApplicationContext - Exception encountered during context initialization - cancelling refresh attempt: org.springframework.beans.factory.BeanCreationException: Error creating bean with name 'entityManagerFactory' defined in class path resource [org/springframework/boot/hibernate/autoconfigure/HibernateJpaConfiguration.class]: Failed to initialize dependency 'inMemoryDatabaseShutdownExecutor' of LoadTimeWeaverAware bean 'entityManagerFactory': Error creating bean with name 'inMemoryDatabaseShutdownExecutor' defined in class path resource [org/springframework/boot/devtools/autoconfigure/DevToolsDataSourceAutoConfiguration.class]: Unsatisfied dependency expressed through method 'inMemoryDatabaseShutdownExecutor' parameter 0: Error creating bean with name 'dataSource' defined in class path resource [org/springframework/boot/jdbc/autoconfigure/DataSourceConfiguration$Hikari.class]: Failed to instantiate [com.zaxxer.hikari.HikariDataSource]: Factory method 'dataSource' threw exception with message: Failed to determine a suitable driver class
2025-12-12 15:56:36 [restartedMain] INFO  o.a.catalina.core.StandardService - Stopping service [Tomcat]
2025-12-12 15:56:36 [restartedMain] ERROR o.s.b.d.LoggingFailureAnalysisReporter - 

***************************
APPLICATION FAILED TO START
***************************

Description:

Failed to configure a DataSource: 'url' attribute is not specified and no embedded datasource could be configured.

Reason: Failed to determine a suitable driver class


Action:

Consider the following:
	If you want an embedded database (H2, HSQL or Derby), please put it on the classpath.
	If you have database settings to be loaded from a particular profile you may need to activate it (no profiles are currently active).

2025-12-12 15:56:50 [restartedMain] INFO  com.example.eSign.ESignApplication - Starting ESignApplication using Java 21.0.9 with PID 197317 (/home/vishwap/eSign/target/classes started by vishwap in /home/vishwap/eSign)
2025-12-12 15:56:50 [restartedMain] INFO  com.example.eSign.ESignApplication - No active profile set, falling back to 1 default profile: "default"
2025-12-12 15:56:51 [restartedMain] INFO  o.a.catalina.core.StandardService - Starting service [Tomcat]
2025-12-12 15:56:51 [restartedMain] INFO  o.a.catalina.core.StandardEngine - Starting Servlet engine: [Apache Tomcat/11.0.14]
2025-12-12 15:56:51 [restartedMain] WARN  o.s.b.w.s.s.c.AnnotationConfigServletWebServerApplicationContext - Exception encountered during context initialization - cancelling refresh attempt: org.springframework.beans.factory.BeanCreationException: Error creating bean with name 'entityManagerFactory' defined in class path resource [org/springframework/boot/hibernate/autoconfigure/HibernateJpaConfiguration.class]: Failed to initialize dependency 'inMemoryDatabaseShutdownExecutor' of LoadTimeWeaverAware bean 'entityManagerFactory': Error creating bean with name 'inMemoryDatabaseShutdownExecutor' defined in class path resource [org/springframework/boot/devtools/autoconfigure/DevToolsDataSourceAutoConfiguration.class]: Unsatisfied dependency expressed through method 'inMemoryDatabaseShutdownExecutor' parameter 0: Error creating bean with name 'dataSource' defined in class path resource [org/springframework/boot/jdbc/autoconfigure/DataSourceConfiguration$Hikari.class]: Failed to instantiate [com.zaxxer.hikari.HikariDataSource]: Factory method 'dataSource' threw exception with message: Failed to determine a suitable driver class
2025-12-12 15:56:51 [restartedMain] INFO  o.a.catalina.core.StandardService - Stopping service [Tomcat]
2025-12-12 15:56:51 [restartedMain] ERROR o.s.b.d.LoggingFailureAnalysisReporter - 

***************************
APPLICATION FAILED TO START
***************************

Description:

Failed to configure a DataSource: 'url' attribute is not specified and no embedded datasource could be configured.

Reason: Failed to determine a suitable driver class


Action:

Consider the following:
	If you want an embedded database (H2, HSQL or Derby), please put it on the classpath.
	If you have database settings to be loaded from a particular profile you may need to activate it (no profiles are currently active).

2025-12-12 15:58:06 [restartedMain] INFO  com.example.eSign.ESignApplication - Starting ESignApplication using Java 21.0.9 with PID 198650 (/home/vishwap/eSign/target/classes started by vishwap in /home/vishwap/eSign)
2025-12-12 15:58:06 [restartedMain] INFO  com.example.eSign.ESignApplication - No active profile set, falling back to 1 default profile: "default"
2025-12-12 15:58:07 [restartedMain] INFO  o.a.catalina.core.StandardService - Starting service [Tomcat]
2025-12-12 15:58:07 [restartedMain] INFO  o.a.catalina.core.StandardEngine - Starting Servlet engine: [Apache Tomcat/11.0.14]
2025-12-12 15:58:08 [restartedMain] INFO  com.zaxxer.hikari.HikariDataSource - HikariPool-1 - Starting...
2025-12-12 15:58:08 [restartedMain] INFO  com.zaxxer.hikari.pool.HikariPool - HikariPool-1 - Added connection org.postgresql.jdbc.PgConnection@66e07736
2025-12-12 15:58:08 [restartedMain] INFO  com.zaxxer.hikari.HikariDataSource - HikariPool-1 - Start completed.
2025-12-12 15:58:08 [restartedMain] WARN  org.hibernate.orm.deprecation - HHH90000025: PostgreSQLDialect does not need to be specified explicitly using 'hibernate.dialect' (remove the property setting and it will be selected by default)
2025-12-12 15:58:09 [restartedMain] WARN  o.s.b.j.a.JpaBaseConfiguration$JpaWebConfiguration - spring.jpa.open-in-view is enabled by default. Therefore, database queries may be performed during view rendering. Explicitly configure spring.jpa.open-in-view to disable this warning
2025-12-12 15:58:09 [restartedMain] WARN  o.s.b.s.a.UserDetailsServiceAutoConfiguration - 

Using generated security password: ad942f35-cc43-46dd-a228-6d123ce93f8c

This generated password is for development use only. Your security configuration must be updated before running your application in production.

2025-12-12 15:58:10 [restartedMain] INFO  com.example.eSign.ESignApplication - Started ESignApplication in 4.523 seconds (process running for 4.952)
2025-12-12 15:58:12 [RMI TCP Connection(2)-127.0.0.1] INFO  o.a.c.c.C.[Tomcat].[localhost].[/] - Initializing Spring DispatcherServlet 'dispatcherServlet'
2025-12-12 15:59:20 [SpringApplicationShutdownHook] INFO  com.zaxxer.hikari.HikariDataSource - HikariPool-1 - Shutdown initiated...
2025-12-12 15:59:20 [SpringApplicationShutdownHook] INFO  com.zaxxer.hikari.HikariDataSource - HikariPool-1 - Shutdown completed.
2025-12-12 15:59:31 [restartedMain] INFO  com.example.eSign.ESignApplication - Starting ESignApplication using Java 21.0.9 with PID 200346 (/home/vishwap/eSign/target/classes started by vishwap in /home/vishwap/eSign)
2025-12-12 15:59:31 [restartedMain] INFO  com.example.eSign.ESignApplication - No active profile set, falling back to 1 default profile: "default"
2025-12-12 15:59:32 [restartedMain] INFO  o.a.catalina.core.StandardService - Starting service [Tomcat]
2025-12-12 15:59:32 [restartedMain] INFO  o.a.catalina.core.StandardEngine - Starting Servlet engine: [Apache Tomcat/11.0.14]
2025-12-12 15:59:32 [restartedMain] INFO  com.zaxxer.hikari.HikariDataSource - HikariPool-1 - Starting...
2025-12-12 15:59:33 [restartedMain] INFO  com.zaxxer.hikari.pool.HikariPool - HikariPool-1 - Added connection org.postgresql.jdbc.PgConnection@149abafe
2025-12-12 15:59:33 [restartedMain] INFO  com.zaxxer.hikari.HikariDataSource - HikariPool-1 - Start completed.
2025-12-12 15:59:33 [restartedMain] WARN  org.hibernate.orm.deprecation - HHH90000025: PostgreSQLDialect does not need to be specified explicitly using 'hibernate.dialect' (remove the property setting and it will be selected by default)
2025-12-12 15:59:33 [restartedMain] WARN  o.s.b.j.a.JpaBaseConfiguration$JpaWebConfiguration - spring.jpa.open-in-view is enabled by default. Therefore, database queries may be performed during view rendering. Explicitly configure spring.jpa.open-in-view to disable this warning
2025-12-12 15:59:33 [restartedMain] WARN  o.s.b.s.a.UserDetailsServiceAutoConfiguration - 

Using generated security password: c2eaa811-e098-42c8-99b1-9b5b85fb812c

This generated password is for development use only. Your security configuration must be updated before running your application in production.

2025-12-12 15:59:34 [restartedMain] INFO  com.example.eSign.ESignApplication - Started ESignApplication in 3.724 seconds (process running for 4.151)
2025-12-12 15:59:37 [RMI TCP Connection(2)-127.0.0.1] INFO  o.a.c.c.C.[Tomcat].[localhost].[/] - Initializing Spring DispatcherServlet 'dispatcherServlet'
2025-12-12 15:59:43 [http-nio-8080-exec-1] DEBUG c.e.e.i.ApiCounterInterceptor - Intercepting API call: GET /esign/health
2025-12-12 15:59:43 [http-nio-8080-exec-1] DEBUG c.e.eSign.service.ApiCounterService - Incremented counter for GET /esign/health
2025-12-12 15:59:43 [http-nio-8080-exec-1] DEBUG c.e.eSign.controller.BaseController - Health check endpoint called
2025-12-12 15:59:43 [http-nio-8080-exec-1] INFO  c.e.eSign.controller.BaseController - Health check - Application is running. Call count: 3
2025-12-12 16:04:07 [Thread-1] INFO  com.zaxxer.hikari.HikariDataSource - HikariPool-1 - Shutdown initiated...
2025-12-12 16:04:07 [Thread-1] INFO  com.zaxxer.hikari.HikariDataSource - HikariPool-1 - Shutdown completed.
2025-12-12 16:04:07 [restartedMain] INFO  com.example.eSign.ESignApplication - Starting ESignApplication using Java 21.0.9 with PID 200346 (/home/vishwap/eSign/target/classes started by vishwap in /home/vishwap/eSign)
2025-12-12 16:04:07 [restartedMain] INFO  com.example.eSign.ESignApplication - No active profile set, falling back to 1 default profile: "default"
2025-12-12 16:04:07 [restartedMain] INFO  o.a.catalina.core.StandardService - Starting service [Tomcat]
2025-12-12 16:04:07 [restartedMain] INFO  o.a.catalina.core.StandardEngine - Starting Servlet engine: [Apache Tomcat/11.0.14]
2025-12-12 16:04:07 [restartedMain] INFO  com.zaxxer.hikari.HikariDataSource - HikariPool-2 - Starting...
2025-12-12 16:04:07 [restartedMain] INFO  com.zaxxer.hikari.pool.HikariPool - HikariPool-2 - Added connection org.postgresql.jdbc.PgConnection@686a48eb
2025-12-12 16:04:07 [restartedMain] INFO  com.zaxxer.hikari.HikariDataSource - HikariPool-2 - Start completed.
2025-12-12 16:04:07 [restartedMain] WARN  org.hibernate.orm.deprecation - HHH90000025: PostgreSQLDialect does not need to be specified explicitly using 'hibernate.dialect' (remove the property setting and it will be selected by default)
2025-12-12 16:04:07 [restartedMain] WARN  o.s.b.j.a.JpaBaseConfiguration$JpaWebConfiguration - spring.jpa.open-in-view is enabled by default. Therefore, database queries may be performed during view rendering. Explicitly configure spring.jpa.open-in-view to disable this warning
2025-12-12 16:04:07 [restartedMain] WARN  o.s.b.s.a.UserDetailsServiceAutoConfiguration - 

Using generated security password: 79719c5d-3072-4977-bcff-f400d2f95f95

This generated password is for development use only. Your security configuration must be updated before running your application in production.

2025-12-12 16:04:07 [restartedMain] INFO  com.example.eSign.ESignApplication - Started ESignApplication in 0.53 seconds (process running for 277.463)
2025-12-12 16:04:19 [Thread-6] INFO  com.zaxxer.hikari.HikariDataSource - HikariPool-2 - Shutdown initiated...
2025-12-12 16:04:19 [Thread-6] INFO  com.zaxxer.hikari.HikariDataSource - HikariPool-2 - Shutdown completed.
2025-12-12 16:04:19 [restartedMain] INFO  com.example.eSign.ESignApplication - Starting ESignApplication using Java 21.0.9 with PID 200346 (/home/vishwap/eSign/target/classes started by vishwap in /home/vishwap/eSign)
2025-12-12 16:04:19 [restartedMain] INFO  com.example.eSign.ESignApplication - No active profile set, falling back to 1 default profile: "default"
2025-12-12 16:04:19 [restartedMain] INFO  o.a.catalina.core.StandardService - Starting service [Tomcat]
2025-12-12 16:04:19 [restartedMain] INFO  o.a.catalina.core.StandardEngine - Starting Servlet engine: [Apache Tomcat/11.0.14]
2025-12-12 16:04:19 [restartedMain] INFO  com.zaxxer.hikari.HikariDataSource - HikariPool-3 - Starting...
2025-12-12 16:04:19 [restartedMain] INFO  com.zaxxer.hikari.pool.HikariPool - HikariPool-3 - Added connection org.postgresql.jdbc.PgConnection@36aeb9f0
2025-12-12 16:04:19 [restartedMain] INFO  com.zaxxer.hikari.HikariDataSource - HikariPool-3 - Start completed.
2025-12-12 16:04:19 [restartedMain] WARN  org.hibernate.orm.deprecation - HHH90000025: PostgreSQLDialect does not need to be specified explicitly using 'hibernate.dialect' (remove the property setting and it will be selected by default)
2025-12-12 16:04:19 [restartedMain] WARN  o.s.b.j.a.JpaBaseConfiguration$JpaWebConfiguration - spring.jpa.open-in-view is enabled by default. Therefore, database queries may be performed during view rendering. Explicitly configure spring.jpa.open-in-view to disable this warning
2025-12-12 16:04:19 [restartedMain] WARN  o.s.b.s.a.UserDetailsServiceAutoConfiguration - 

Using generated security password: af984c06-0801-4dc3-8d02-29a617836c1c

This generated password is for development use only. Your security configuration must be updated before running your application in production.

2025-12-12 16:04:19 [restartedMain] INFO  com.example.eSign.ESignApplication - Started ESignApplication in 0.439 seconds (process running for 289.38)
2025-12-12 16:04:27 [SpringApplicationShutdownHook] INFO  com.zaxxer.hikari.HikariDataSource - HikariPool-3 - Shutdown initiated...
2025-12-12 16:04:27 [SpringApplicationShutdownHook] INFO  com.zaxxer.hikari.HikariDataSource - HikariPool-3 - Shutdown completed.
2025-12-12 16:04:30 [restartedMain] INFO  com.example.eSign.ESignApplication - Starting ESignApplication using Java 21.0.9 with PID 205506 (/home/vishwap/eSign/target/classes started by vishwap in /home/vishwap/eSign)
2025-12-12 16:04:30 [restartedMain] INFO  com.example.eSign.ESignApplication - No active profile set, falling back to 1 default profile: "default"
2025-12-12 16:04:32 [restartedMain] INFO  o.a.catalina.core.StandardService - Starting service [Tomcat]
2025-12-12 16:04:32 [restartedMain] INFO  o.a.catalina.core.StandardEngine - Starting Servlet engine: [Apache Tomcat/11.0.14]
2025-12-12 16:04:32 [restartedMain] INFO  com.zaxxer.hikari.HikariDataSource - HikariPool-1 - Starting...
2025-12-12 16:04:33 [restartedMain] INFO  com.zaxxer.hikari.pool.HikariPool - HikariPool-1 - Added connection org.postgresql.jdbc.PgConnection@4ae240b0
2025-12-12 16:04:33 [restartedMain] INFO  com.zaxxer.hikari.HikariDataSource - HikariPool-1 - Start completed.
2025-12-12 16:04:33 [restartedMain] WARN  org.hibernate.orm.deprecation - HHH90000025: PostgreSQLDialect does not need to be specified explicitly using 'hibernate.dialect' (remove the property setting and it will be selected by default)
2025-12-12 16:04:33 [restartedMain] WARN  o.s.b.j.a.JpaBaseConfiguration$JpaWebConfiguration - spring.jpa.open-in-view is enabled by default. Therefore, database queries may be performed during view rendering. Explicitly configure spring.jpa.open-in-view to disable this warning
2025-12-12 16:04:33 [restartedMain] WARN  o.s.b.s.a.UserDetailsServiceAutoConfiguration - 

Using generated security password: 52848a7e-2a48-4ffb-b62d-8beaecc43c71

This generated password is for development use only. Your security configuration must be updated before running your application in production.

2025-12-12 16:04:34 [restartedMain] INFO  com.example.eSign.ESignApplication - Started ESignApplication in 4.143 seconds (process running for 5.039)
2025-12-12 16:04:36 [RMI TCP Connection(2)-127.0.0.1] INFO  o.a.c.c.C.[Tomcat].[localhost].[/] - Initializing Spring DispatcherServlet 'dispatcherServlet'
2025-12-12 16:04:40 [http-nio-8080-exec-2] DEBUG c.e.e.i.ApiCounterInterceptor - Intercepting API call: POST /esign/encode
2025-12-12 16:04:40 [http-nio-8080-exec-2] DEBUG c.e.eSign.service.ApiCounterService - Created new counter for POST /esign/encode
2025-12-12 16:04:40 [http-nio-8080-exec-2] INFO  c.e.eSign.controller.BaseController - Encoding file: /home/vishwap/file.txt to /home/vishwap/encoded.txt
2025-12-12 16:04:40 [http-nio-8080-exec-2] DEBUG c.e.eSign.controller.BaseController - Encoded 14 bytes to base64
2025-12-12 16:05:19 [Thread-1] INFO  com.zaxxer.hikari.HikariDataSource - HikariPool-1 - Shutdown initiated...
2025-12-12 16:05:19 [Thread-1] INFO  com.zaxxer.hikari.HikariDataSource - HikariPool-1 - Shutdown completed.
2025-12-12 16:05:19 [restartedMain] INFO  com.example.eSign.ESignApplication - Starting ESignApplication using Java 21.0.9 with PID 205506 (/home/vishwap/eSign/target/classes started by vishwap in /home/vishwap/eSign)
2025-12-12 16:05:19 [restartedMain] INFO  com.example.eSign.ESignApplication - No active profile set, falling back to 1 default profile: "default"
2025-12-12 16:05:19 [restartedMain] INFO  o.a.catalina.core.StandardService - Starting service [Tomcat]
2025-12-12 16:05:19 [restartedMain] INFO  o.a.catalina.core.StandardEngine - Starting Servlet engine: [Apache Tomcat/11.0.14]
2025-12-12 16:05:20 [restartedMain] INFO  com.zaxxer.hikari.HikariDataSource - HikariPool-2 - Starting...
2025-12-12 16:05:20 [restartedMain] INFO  com.zaxxer.hikari.pool.HikariPool - HikariPool-2 - Added connection org.postgresql.jdbc.PgConnection@2481f4da
2025-12-12 16:05:20 [restartedMain] INFO  com.zaxxer.hikari.HikariDataSource - HikariPool-2 - Start completed.
2025-12-12 16:05:20 [restartedMain] WARN  org.hibernate.orm.deprecation - HHH90000025: PostgreSQLDialect does not need to be specified explicitly using 'hibernate.dialect' (remove the property setting and it will be selected by default)
2025-12-12 16:05:20 [restartedMain] WARN  o.s.b.j.a.JpaBaseConfiguration$JpaWebConfiguration - spring.jpa.open-in-view is enabled by default. Therefore, database queries may be performed during view rendering. Explicitly configure spring.jpa.open-in-view to disable this warning
2025-12-12 16:05:20 [restartedMain] WARN  o.s.b.s.a.UserDetailsServiceAutoConfiguration - 

Using generated security password: 4f519a6b-0fa4-4deb-a891-345d9c61df70

This generated password is for development use only. Your security configuration must be updated before running your application in production.

2025-12-12 16:05:20 [restartedMain] INFO  com.example.eSign.ESignApplication - Started ESignApplication in 0.96 seconds (process running for 50.862)
2025-12-12 16:05:21 [Thread-6] INFO  com.zaxxer.hikari.HikariDataSource - HikariPool-2 - Shutdown initiated...
2025-12-12 16:05:21 [Thread-6] INFO  com.zaxxer.hikari.HikariDataSource - HikariPool-2 - Shutdown completed.
2025-12-12 16:05:21 [restartedMain] INFO  com.example.eSign.ESignApplication - Starting ESignApplication using Java 21.0.9 with PID 205506 (/home/vishwap/eSign/target/classes started by vishwap in /home/vishwap/eSign)
2025-12-12 16:05:21 [restartedMain] INFO  com.example.eSign.ESignApplication - No active profile set, falling back to 1 default profile: "default"
2025-12-12 16:05:22 [restartedMain] INFO  o.a.catalina.core.StandardService - Starting service [Tomcat]
2025-12-12 16:05:22 [restartedMain] INFO  o.a.catalina.core.StandardEngine - Starting Servlet engine: [Apache Tomcat/11.0.14]
2025-12-12 16:05:22 [restartedMain] INFO  com.zaxxer.hikari.HikariDataSource - HikariPool-3 - Starting...
2025-12-12 16:05:22 [restartedMain] INFO  com.zaxxer.hikari.pool.HikariPool - HikariPool-3 - Added connection org.postgresql.jdbc.PgConnection@bf8fe22
2025-12-12 16:05:22 [restartedMain] INFO  com.zaxxer.hikari.HikariDataSource - HikariPool-3 - Start completed.
2025-12-12 16:05:22 [restartedMain] WARN  org.hibernate.orm.deprecation - HHH90000025: PostgreSQLDialect does not need to be specified explicitly using 'hibernate.dialect' (remove the property setting and it will be selected by default)
2025-12-12 16:05:22 [restartedMain] WARN  o.s.b.j.a.JpaBaseConfiguration$JpaWebConfiguration - spring.jpa.open-in-view is enabled by default. Therefore, database queries may be performed during view rendering. Explicitly configure spring.jpa.open-in-view to disable this warning
2025-12-12 16:05:22 [restartedMain] WARN  o.s.b.s.a.UserDetailsServiceAutoConfiguration - 

Using generated security password: f4726f91-a531-410c-8a46-1b82fa9d1408

This generated password is for development use only. Your security configuration must be updated before running your application in production.

2025-12-12 16:05:22 [restartedMain] INFO  com.example.eSign.ESignApplication - Started ESignApplication in 0.586 seconds (process running for 52.87)
2025-12-12 16:06:25 [http-nio-8080-exec-2] INFO  o.a.c.c.C.[Tomcat].[localhost].[/] - Initializing Spring DispatcherServlet 'dispatcherServlet'
2025-12-12 16:06:25 [http-nio-8080-exec-2] DEBUG c.e.e.i.ApiCounterInterceptor - Intercepting API call: POST /esign/decode
2025-12-12 16:06:25 [http-nio-8080-exec-2] DEBUG c.e.eSign.service.ApiCounterService - Created new counter for POST /esign/decode
2025-12-12 16:06:25 [http-nio-8080-exec-2] INFO  c.e.eSign.controller.BaseController - Decoding file: /home/vishwap/encoded.txt to /home/vishwap/file.txt
2025-12-12 16:06:25 [http-nio-8080-exec-2] DEBUG c.e.eSign.controller.BaseController - Decoded base64 to 14 bytes
2025-12-12 17:59:12 [Thread-10] INFO  com.zaxxer.hikari.HikariDataSource - HikariPool-3 - Shutdown initiated...
2025-12-12 17:59:13 [Thread-10] INFO  com.zaxxer.hikari.HikariDataSource - HikariPool-3 - Shutdown completed.
2025-12-12 17:59:13 [restartedMain] INFO  com.example.eSign.ESignApplication - Starting ESignApplication using Java 21.0.9 with PID 205506 (/home/vishwap/eSign/target/classes started by vishwap in /home/vishwap/eSign)
2025-12-12 17:59:13 [restartedMain] INFO  com.example.eSign.ESignApplication - No active profile set, falling back to 1 default profile: "default"
2025-12-12 17:59:14 [restartedMain] INFO  o.a.catalina.core.StandardService - Starting service [Tomcat]
2025-12-12 17:59:14 [restartedMain] INFO  o.a.catalina.core.StandardEngine - Starting Servlet engine: [Apache Tomcat/11.0.14]
2025-12-12 17:59:14 [restartedMain] INFO  com.zaxxer.hikari.HikariDataSource - HikariPool-4 - Starting...
2025-12-12 17:59:14 [restartedMain] INFO  com.zaxxer.hikari.pool.HikariPool - HikariPool-4 - Added connection org.postgresql.jdbc.PgConnection@77e4d6a4
2025-12-12 17:59:14 [restartedMain] INFO  com.zaxxer.hikari.HikariDataSource - HikariPool-4 - Start completed.
2025-12-12 17:59:14 [restartedMain] WARN  org.hibernate.orm.deprecation - HHH90000025: PostgreSQLDialect does not need to be specified explicitly using 'hibernate.dialect' (remove the property setting and it will be selected by default)
2025-12-12 17:59:14 [restartedMain] WARN  o.s.b.j.a.JpaBaseConfiguration$JpaWebConfiguration - spring.jpa.open-in-view is enabled by default. Therefore, database queries may be performed during view rendering. Explicitly configure spring.jpa.open-in-view to disable this warning
2025-12-12 17:59:14 [restartedMain] WARN  o.s.b.s.a.UserDetailsServiceAutoConfiguration - 

Using generated security password: c5cc8eb0-3dcb-4574-b5fe-df9fc9e7360c

This generated password is for development use only. Your security configuration must be updated before running your application in production.

2025-12-12 17:59:14 [restartedMain] INFO  com.example.eSign.ESignApplication - Started ESignApplication in 1.178 seconds (process running for 943.855)
2025-12-12 17:59:15 [Thread-14] INFO  com.zaxxer.hikari.HikariDataSource - HikariPool-4 - Shutdown initiated...
2025-12-12 17:59:15 [Thread-14] INFO  com.zaxxer.hikari.HikariDataSource - HikariPool-4 - Shutdown completed.
2025-12-12 17:59:15 [restartedMain] INFO  com.example.eSign.ESignApplication - Starting ESignApplication using Java 21.0.9 with PID 205506 (/home/vishwap/eSign/target/classes started by vishwap in /home/vishwap/eSign)
2025-12-12 17:59:15 [restartedMain] INFO  com.example.eSign.ESignApplication - No active profile set, falling back to 1 default profile: "default"
2025-12-12 17:59:16 [restartedMain] INFO  o.a.catalina.core.StandardService - Starting service [Tomcat]
2025-12-12 17:59:16 [restartedMain] INFO  o.a.catalina.core.StandardEngine - Starting Servlet engine: [Apache Tomcat/11.0.14]
2025-12-12 17:59:16 [restartedMain] INFO  com.zaxxer.hikari.HikariDataSource - HikariPool-5 - Starting...
2025-12-12 17:59:16 [restartedMain] INFO  com.zaxxer.hikari.pool.HikariPool - HikariPool-5 - Added connection org.postgresql.jdbc.PgConnection@602f41c2
2025-12-12 17:59:16 [restartedMain] INFO  com.zaxxer.hikari.HikariDataSource - HikariPool-5 - Start completed.
2025-12-12 17:59:16 [restartedMain] WARN  org.hibernate.orm.deprecation - HHH90000025: PostgreSQLDialect does not need to be specified explicitly using 'hibernate.dialect' (remove the property setting and it will be selected by default)
2025-12-12 17:59:16 [restartedMain] WARN  o.s.b.j.a.JpaBaseConfiguration$JpaWebConfiguration - spring.jpa.open-in-view is enabled by default. Therefore, database queries may be performed during view rendering. Explicitly configure spring.jpa.open-in-view to disable this warning
2025-12-12 17:59:16 [restartedMain] WARN  o.s.b.s.a.UserDetailsServiceAutoConfiguration - 

Using generated security password: c5d9412a-558f-481e-8ee2-e773a1e88300

This generated password is for development use only. Your security configuration must be updated before running your application in production.

2025-12-12 17:59:16 [restartedMain] INFO  com.example.eSign.ESignApplication - Started ESignApplication in 0.582 seconds (process running for 945.892)
2025-12-12 18:00:24 [Thread-18] INFO  com.zaxxer.hikari.HikariDataSource - HikariPool-5 - Shutdown initiated...
2025-12-12 18:00:25 [Thread-18] INFO  com.zaxxer.hikari.HikariDataSource - HikariPool-5 - Shutdown completed.
2025-12-12 18:00:25 [restartedMain] INFO  com.example.eSign.ESignApplication - Starting ESignApplication using Java 21.0.9 with PID 205506 (/home/vishwap/eSign/target/classes started by vishwap in /home/vishwap/eSign)
2025-12-12 18:00:25 [restartedMain] INFO  com.example.eSign.ESignApplication - No active profile set, falling back to 1 default profile: "default"
2025-12-12 18:01:14 [restartedMain] INFO  o.a.catalina.core.StandardService - Starting service [Tomcat]
2025-12-12 18:01:14 [restartedMain] INFO  o.a.catalina.core.StandardEngine - Starting Servlet engine: [Apache Tomcat/11.0.14]
2025-12-12 18:01:15 [restartedMain] INFO  com.zaxxer.hikari.HikariDataSource - HikariPool-6 - Starting...
2025-12-12 18:01:15 [restartedMain] INFO  com.zaxxer.hikari.pool.HikariPool - HikariPool-6 - Added connection org.postgresql.jdbc.PgConnection@c2c10a5
2025-12-12 18:01:15 [restartedMain] INFO  com.zaxxer.hikari.HikariDataSource - HikariPool-6 - Start completed.
2025-12-12 18:01:15 [restartedMain] WARN  org.hibernate.orm.deprecation - HHH90000025: PostgreSQLDialect does not need to be specified explicitly using 'hibernate.dialect' (remove the property setting and it will be selected by default)
2025-12-12 18:01:16 [restartedMain] WARN  o.s.b.j.a.JpaBaseConfiguration$JpaWebConfiguration - spring.jpa.open-in-view is enabled by default. Therefore, database queries may be performed during view rendering. Explicitly configure spring.jpa.open-in-view to disable this warning
2025-12-12 18:01:16 [restartedMain] WARN  o.s.b.s.a.UserDetailsServiceAutoConfiguration - 

Using generated security password: 1c69d537-9ddb-45f8-a4d0-4e9ef3b439ae

This generated password is for development use only. Your security configuration must be updated before running your application in production.

2025-12-12 18:01:16 [restartedMain] INFO  com.example.eSign.ESignApplication - Started ESignApplication in 50.576 seconds (process running for 1065.799)
2025-12-12 18:01:17 [Thread-22] INFO  com.zaxxer.hikari.HikariDataSource - HikariPool-6 - Shutdown initiated...
2025-12-12 18:01:17 [Thread-22] INFO  com.zaxxer.hikari.HikariDataSource - HikariPool-6 - Shutdown completed.
2025-12-12 18:01:18 [restartedMain] INFO  com.example.eSign.ESignApplication - Starting ESignApplication using Java 21.0.9 with PID 205506 (/home/vishwap/eSign/target/classes started by vishwap in /home/vishwap/eSign)
2025-12-12 18:01:18 [restartedMain] INFO  com.example.eSign.ESignApplication - No active profile set, falling back to 1 default profile: "default"
2025-12-12 18:01:18 [restartedMain] INFO  o.a.catalina.core.StandardService - Starting service [Tomcat]
2025-12-12 18:01:18 [restartedMain] INFO  o.a.catalina.core.StandardEngine - Starting Servlet engine: [Apache Tomcat/11.0.14]
2025-12-12 18:01:18 [restartedMain] INFO  com.zaxxer.hikari.HikariDataSource - HikariPool-7 - Starting...
2025-12-12 18:01:19 [restartedMain] INFO  com.zaxxer.hikari.pool.HikariPool - HikariPool-7 - Added connection org.postgresql.jdbc.PgConnection@64d31e33
2025-12-12 18:01:19 [restartedMain] INFO  com.zaxxer.hikari.HikariDataSource - HikariPool-7 - Start completed.
2025-12-12 18:01:19 [restartedMain] WARN  org.hibernate.orm.deprecation - HHH90000025: PostgreSQLDialect does not need to be specified explicitly using 'hibernate.dialect' (remove the property setting and it will be selected by default)
2025-12-12 18:01:19 [restartedMain] WARN  o.s.b.j.a.JpaBaseConfiguration$JpaWebConfiguration - spring.jpa.open-in-view is enabled by default. Therefore, database queries may be performed during view rendering. Explicitly configure spring.jpa.open-in-view to disable this warning
2025-12-12 18:01:19 [restartedMain] WARN  o.s.b.s.a.UserDetailsServiceAutoConfiguration - 

Using generated security password: a2d367ba-20b3-4d86-8697-038a684c5b4a

This generated password is for development use only. Your security configuration must be updated before running your application in production.

2025-12-12 18:01:19 [restartedMain] INFO  com.example.eSign.ESignApplication - Started ESignApplication in 1.667 seconds (process running for 1069.129)
2025-12-12 18:01:20 [Thread-26] INFO  com.zaxxer.hikari.HikariDataSource - HikariPool-7 - Shutdown initiated...
2025-12-12 18:01:20 [Thread-26] INFO  com.zaxxer.hikari.HikariDataSource - HikariPool-7 - Shutdown completed.
2025-12-12 18:01:21 [restartedMain] INFO  com.example.eSign.ESignApplication - Starting ESignApplication using Java 21.0.9 with PID 205506 (/home/vishwap/eSign/target/classes started by vishwap in /home/vishwap/eSign)
2025-12-12 18:01:21 [restartedMain] INFO  com.example.eSign.ESignApplication - No active profile set, falling back to 1 default profile: "default"
2025-12-12 18:01:21 [restartedMain] INFO  o.a.catalina.core.StandardService - Starting service [Tomcat]
2025-12-12 18:01:21 [restartedMain] INFO  o.a.catalina.core.StandardEngine - Starting Servlet engine: [Apache Tomcat/11.0.14]
2025-12-12 18:01:21 [restartedMain] INFO  com.zaxxer.hikari.HikariDataSource - HikariPool-8 - Starting...
2025-12-12 18:01:21 [restartedMain] INFO  com.zaxxer.hikari.pool.HikariPool - HikariPool-8 - Added connection org.postgresql.jdbc.PgConnection@1db9723b
2025-12-12 18:01:21 [restartedMain] INFO  com.zaxxer.hikari.HikariDataSource - HikariPool-8 - Start completed.
2025-12-12 18:01:21 [restartedMain] WARN  org.hibernate.orm.deprecation - HHH90000025: PostgreSQLDialect does not need to be specified explicitly using 'hibernate.dialect' (remove the property setting and it will be selected by default)
2025-12-12 18:01:21 [restartedMain] WARN  o.s.b.j.a.JpaBaseConfiguration$JpaWebConfiguration - spring.jpa.open-in-view is enabled by default. Therefore, database queries may be performed during view rendering. Explicitly configure spring.jpa.open-in-view to disable this warning
2025-12-12 18:01:21 [restartedMain] WARN  o.s.b.s.a.UserDetailsServiceAutoConfiguration - 

Using generated security password: bad3fb86-0e89-4996-9b85-bb6cf1390735

This generated password is for development use only. Your security configuration must be updated before running your application in production.

2025-12-12 18:01:21 [restartedMain] INFO  com.example.eSign.ESignApplication - Started ESignApplication in 0.66 seconds (process running for 1071.251)
2025-12-12 18:01:58 [Thread-30] INFO  com.zaxxer.hikari.HikariDataSource - HikariPool-8 - Shutdown initiated...
2025-12-12 18:01:58 [Thread-30] INFO  com.zaxxer.hikari.HikariDataSource - HikariPool-8 - Shutdown completed.
2025-12-12 18:01:58 [restartedMain] INFO  com.example.eSign.ESignApplication - Starting ESignApplication using Java 21.0.9 with PID 205506 (/home/vishwap/eSign/target/classes started by vishwap in /home/vishwap/eSign)
2025-12-12 18:01:58 [restartedMain] INFO  com.example.eSign.ESignApplication - No active profile set, falling back to 1 default profile: "default"
2025-12-12 18:01:58 [restartedMain] INFO  o.a.catalina.core.StandardService - Starting service [Tomcat]
2025-12-12 18:01:58 [restartedMain] INFO  o.a.catalina.core.StandardEngine - Starting Servlet engine: [Apache Tomcat/11.0.14]
2025-12-12 18:01:58 [restartedMain] INFO  com.zaxxer.hikari.HikariDataSource - HikariPool-9 - Starting...
2025-12-12 18:01:59 [restartedMain] INFO  com.zaxxer.hikari.pool.HikariPool - HikariPool-9 - Added connection org.postgresql.jdbc.PgConnection@473575c5
2025-12-12 18:01:59 [restartedMain] INFO  com.zaxxer.hikari.HikariDataSource - HikariPool-9 - Start completed.
2025-12-12 18:01:59 [restartedMain] WARN  org.hibernate.orm.deprecation - HHH90000025: PostgreSQLDialect does not need to be specified explicitly using 'hibernate.dialect' (remove the property setting and it will be selected by default)
2025-12-12 18:02:00 [restartedMain] WARN  o.s.b.j.a.JpaBaseConfiguration$JpaWebConfiguration - spring.jpa.open-in-view is enabled by default. Therefore, database queries may be performed during view rendering. Explicitly configure spring.jpa.open-in-view to disable this warning
2025-12-12 18:02:00 [restartedMain] WARN  o.s.b.s.a.UserDetailsServiceAutoConfiguration - 

Using generated security password: 062eac12-3548-4c2d-8692-446041c8ad13

This generated password is for development use only. Your security configuration must be updated before running your application in production.

2025-12-12 18:02:00 [restartedMain] INFO  com.example.eSign.ESignApplication - Started ESignApplication in 2.304 seconds (process running for 1110.329)
2025-12-12 18:02:04 [Thread-34] INFO  com.zaxxer.hikari.HikariDataSource - HikariPool-9 - Shutdown initiated...
2025-12-12 18:02:05 [Thread-34] INFO  com.zaxxer.hikari.HikariDataSource - HikariPool-9 - Shutdown completed.
2025-12-12 18:03:52 [restartedMain] INFO  com.example.eSign.ESignApplication - Starting ESignApplication using Java 21.0.9 with PID 205506 (/home/vishwap/eSign/target/classes started by vishwap in /home/vishwap/eSign)
2025-12-12 18:03:52 [restartedMain] INFO  com.example.eSign.ESignApplication - No active profile set, falling back to 1 default profile: "default"
2025-12-12 18:03:54 [restartedMain] INFO  o.a.catalina.core.StandardService - Starting service [Tomcat]
2025-12-12 18:03:54 [restartedMain] INFO  o.a.catalina.core.StandardEngine - Starting Servlet engine: [Apache Tomcat/11.0.14]
2025-12-12 18:03:54 [restartedMain] INFO  com.zaxxer.hikari.HikariDataSource - HikariPool-10 - Starting...
2025-12-12 18:03:54 [restartedMain] INFO  com.zaxxer.hikari.pool.HikariPool - HikariPool-10 - Added connection org.postgresql.jdbc.PgConnection@1c7fcfb8
2025-12-12 18:03:54 [restartedMain] INFO  com.zaxxer.hikari.HikariDataSource - HikariPool-10 - Start completed.
2025-12-12 18:03:54 [restartedMain] WARN  org.hibernate.orm.deprecation - HHH90000025: PostgreSQLDialect does not need to be specified explicitly using 'hibernate.dialect' (remove the property setting and it will be selected by default)
2025-12-12 18:03:54 [restartedMain] WARN  o.s.b.w.s.s.c.AnnotationConfigServletWebServerApplicationContext - Exception encountered during context initialization - cancelling refresh attempt: org.springframework.beans.factory.BeanCreationException: Error creating bean with name 'baseController': Lookup method resolution failed
2025-12-12 18:03:54 [restartedMain] INFO  com.zaxxer.hikari.HikariDataSource - HikariPool-10 - Shutdown initiated...
2025-12-12 18:03:54 [restartedMain] INFO  com.zaxxer.hikari.HikariDataSource - HikariPool-10 - Shutdown completed.
2025-12-12 18:03:54 [restartedMain] INFO  o.a.catalina.core.StandardService - Stopping service [Tomcat]
2025-12-12 18:03:54 [restartedMain] ERROR o.s.boot.SpringApplication - Application run failed
org.springframework.beans.factory.BeanCreationException: Error creating bean with name 'baseController': Lookup method resolution failed
	at org.springframework.beans.factory.annotation.AutowiredAnnotationBeanPostProcessor.checkLookupMethods(AutowiredAnnotationBeanPostProcessor.java:481)
	at org.springframework.beans.factory.annotation.AutowiredAnnotationBeanPostProcessor.determineCandidateConstructors(AutowiredAnnotationBeanPostProcessor.java:351)
	at org.springframework.beans.factory.support.AbstractAutowireCapableBeanFactory.determineConstructorsFromBeanPostProcessors(AbstractAutowireCapableBeanFactory.java:1321)
	at org.springframework.beans.factory.support.AbstractAutowireCapableBeanFactory.createBeanInstance(AbstractAutowireCapableBeanFactory.java:1218)
	at org.springframework.beans.factory.support.AbstractAutowireCapableBeanFactory.doCreateBean(AbstractAutowireCapableBeanFactory.java:565)
	at org.springframework.beans.factory.support.AbstractAutowireCapableBeanFactory.createBean(AbstractAutowireCapableBeanFactory.java:525)
	at org.springframework.beans.factory.support.AbstractBeanFactory.lambda$doGetBean$0(AbstractBeanFactory.java:333)
	at org.springframework.beans.factory.support.DefaultSingletonBeanRegistry.getSingleton(DefaultSingletonBeanRegistry.java:371)
	at org.springframework.beans.factory.support.AbstractBeanFactory.doGetBean(AbstractBeanFactory.java:331)
	at org.springframework.beans.factory.support.AbstractBeanFactory.getBean(AbstractBeanFactory.java:196)
	at org.springframework.beans.factory.support.DefaultListableBeanFactory.instantiateSingleton(DefaultListableBeanFactory.java:1218)
	at org.springframework.beans.factory.support.DefaultListableBeanFactory.preInstantiateSingleton(DefaultListableBeanFactory.java:1184)
	at org.springframework.beans.factory.support.DefaultListableBeanFactory.preInstantiateSingletons(DefaultListableBeanFactory.java:1121)
	at org.springframework.context.support.AbstractApplicationContext.finishBeanFactoryInitialization(AbstractApplicationContext.java:983)
	at org.springframework.context.support.AbstractApplicationContext.refresh(AbstractApplicationContext.java:620)
	at org.springframework.boot.web.server.servlet.context.ServletWebServerApplicationContext.refresh(ServletWebServerApplicationContext.java:143)
	at org.springframework.boot.SpringApplication.refresh(SpringApplication.java:765)
	at org.springframework.boot.SpringApplication.refreshContext(SpringApplication.java:454)
	at org.springframework.boot.SpringApplication.run(SpringApplication.java:321)
	at org.springframework.boot.SpringApplication.run(SpringApplication.java:1374)
	at org.springframework.boot.SpringApplication.run(SpringApplication.java:1363)
	at com.example.eSign.ESignApplication.main(ESignApplication.java:10)
	at java.base/jdk.internal.reflect.DirectMethodHandleAccessor.invoke(DirectMethodHandleAccessor.java:103)
	at java.base/java.lang.reflect.Method.invoke(Method.java:580)
	at org.springframework.boot.devtools.restart.RestartLauncher.run(RestartLauncher.java:52)
Caused by: java.lang.IllegalStateException: Failed to introspect Class [com.example.eSign.controller.BaseController] from ClassLoader [org.springframework.boot.devtools.restart.classloader.RestartClassLoader@42b35461]
	at org.springframework.util.ReflectionUtils.getDeclaredMethods(ReflectionUtils.java:483)
	at org.springframework.util.ReflectionUtils.doWithLocalMethods(ReflectionUtils.java:320)
	at org.springframework.beans.factory.annotation.AutowiredAnnotationBeanPostProcessor.checkLookupMethods(AutowiredAnnotationBeanPostProcessor.java:459)
	... 24 common frames omitted
Caused by: java.lang.NoClassDefFoundError: IOException
	at java.base/java.lang.Class.getDeclaredMethods0(Native Method)
	at java.base/java.lang.Class.privateGetDeclaredMethods(Class.java:3580)
	at java.base/java.lang.Class.getDeclaredMethods(Class.java:2678)
	at org.springframework.util.ReflectionUtils.getDeclaredMethods(ReflectionUtils.java:465)
	... 26 common frames omitted
Caused by: java.lang.ClassNotFoundException: IOException
	at java.base/jdk.internal.loader.BuiltinClassLoader.loadClass(BuiltinClassLoader.java:641)
	at java.base/jdk.internal.loader.ClassLoaders$AppClassLoader.loadClass(ClassLoaders.java:188)
	at java.base/java.lang.ClassLoader.loadClass(ClassLoader.java:526)
	at java.base/java.lang.Class.forName0(Native Method)
	at java.base/java.lang.Class.forName(Class.java:536)
	at java.base/java.lang.Class.forName(Class.java:515)
	at org.springframework.boot.devtools.restart.classloader.RestartClassLoader.loadClass(RestartClassLoader.java:123)
	at java.base/java.lang.ClassLoader.loadClass(ClassLoader.java:526)
	... 30 common frames omitted
